<?xml version="1.0" encoding="UTF-8" ?>
<testsuite failures="0" time="0.081" errors="0" skipped="0" tests="13" name="lotte.fw.common.validate.SecurityValidatorTest">
  <properties>
[...]
</properties>
  <testcase time="0.012" classname="lotte.fw.common.validate.SecurityValidatorTest" name="testValidateCharAscString"/>
  <testcase time="0.001" classname="lotte.fw.common.validate.SecurityValidatorTest" name="testValidateCharDescString"/>
  <testcase time="0.001" classname="lotte.fw.common.validate.SecurityValidatorTest" name="testValidateCharSequenceString"/>
  <testcase time="0.001" classname="lotte.fw.common.validate.SecurityValidatorTest" name="testValidateCharDigitSix"/>
  <testcase time="0.002" classname="lotte.fw.common.validate.SecurityValidatorTest" name="testValidateCharRepeatation"/>
  <testcase time="0.002" classname="lotte.fw.common.validate.SecurityValidatorTest" name="testValidateCrossSiteScripting"/>
  <testcase time="0.002" classname="lotte.fw.common.validate.SecurityValidatorTest" name="testValidateEmailAddress"/>
  <testcase time="0.01" classname="lotte.fw.common.validate.SecurityValidatorTest" name="testValidateIdentityNumber"/>
  <testcase time="0.003" classname="lotte.fw.common.validate.SecurityValidatorTest" name="testValidateKorean"/>
  <testcase time="0.001" classname="lotte.fw.common.validate.SecurityValidatorTest" name="testValidateSameIdPwComparison"/>
  <testcase time="0.002" classname="lotte.fw.common.validate.SecurityValidatorTest" name="testValidateServerSideInclude"/>
  <testcase time="0.002" classname="lotte.fw.common.validate.SecurityValidatorTest" name="testValidateSpecialCharacter"/>
  <testcase time="0.002" classname="lotte.fw.common.validate.SecurityValidatorTest" name="testValidateSQLInjection"/>
</testsuite>